<?xml version="1.0" encoding="UTF-8"?>
<!-- Generated by org.testng.reporters.JUnitReportReporter -->
<testsuite skipped="0" hostname="DESKTOP-ERPFO11" name="com.CH.qa.test.ConfirmTest" tests="3" failures="0" timestamp="10 Apr 2020 18:39:29 GMT" time="10.887" errors="0">
  <testcase name="validatePageTitle" time="0.020" classname="com.CH.qa.test.ConfirmTest"/>
  <testcase name="validateHeaderAndValues" time="10.689" classname="com.CH.qa.test.ConfirmTest"/>
  <testcase name="checkAndClickContinueButton" time="0.178" classname="com.CH.qa.test.ConfirmTest"/>
</testsuite> <!-- com.CH.qa.test.ConfirmTest -->
