<?xml version="1.0" encoding="UTF-8"?>
<!-- Generated by org.testng.reporters.JUnitReportReporter -->
<testsuite skipped="0" hostname="DESKTOP-ERPFO11" name="com.CH.qa.test.TellUsYourSelfTest" tests="7" failures="0" timestamp="10 Apr 2020 18:31:30 GMT" time="91.299" errors="0">
  <testcase name="getTitle" time="70.660" classname="com.CH.qa.test.TellUsYourSelfTest"/>
  <testcase name="companyLogo" time="3.514" classname="com.CH.qa.test.TellUsYourSelfTest"/>
  <testcase name="pageHeader" time="0.563" classname="com.CH.qa.test.TellUsYourSelfTest"/>
  <testcase name="noteText" time="1.712" classname="com.CH.qa.test.TellUsYourSelfTest"/>
  <testcase name="contactHeader" time="0.599" classname="com.CH.qa.test.TellUsYourSelfTest"/>
  <testcase name="dobHeader" time="0.593" classname="com.CH.qa.test.TellUsYourSelfTest"/>
  <testcase name="insertData" time="13.658" classname="com.CH.qa.test.TellUsYourSelfTest"/>
</testsuite> <!-- com.CH.qa.test.TellUsYourSelfTest -->
