<?xml version="1.0" encoding="UTF-8"?>
<!-- Generated by org.testng.reporters.JUnitReportReporter -->
<testsuite skipped="0" hostname="DESKTOP-ERPFO11" name="com.CH.qa.test.TellUsYourSelfTest" tests="7" failures="0" timestamp="10 Apr 2020 18:39:29 GMT" time="17.927" errors="0">
  <testcase name="getTitle" time="0.806" classname="com.CH.qa.test.TellUsYourSelfTest"/>
  <testcase name="companyLogo" time="0.816" classname="com.CH.qa.test.TellUsYourSelfTest"/>
  <testcase name="pageHeader" time="0.658" classname="com.CH.qa.test.TellUsYourSelfTest"/>
  <testcase name="noteText" time="0.739" classname="com.CH.qa.test.TellUsYourSelfTest"/>
  <testcase name="contactHeader" time="0.580" classname="com.CH.qa.test.TellUsYourSelfTest"/>
  <testcase name="dobHeader" time="0.511" classname="com.CH.qa.test.TellUsYourSelfTest"/>
  <testcase name="insertData" time="13.817" classname="com.CH.qa.test.TellUsYourSelfTest"/>
</testsuite> <!-- com.CH.qa.test.TellUsYourSelfTest -->
