<?xml version="1.0" encoding="UTF-8"?>
<!-- Generated by org.testng.reporters.JUnitReportReporter -->
<testsuite skipped="0" hostname="DESKTOP-ERPFO11" name="com.CH.qa.test.SuccessTest" tests="1" failures="0" timestamp="10 Apr 2020 02:12:37 GMT" time="0.197" errors="0">
  <testcase name="checkSuccessPage" time="0.197" classname="com.CH.qa.test.SuccessTest"/>
</testsuite> <!-- com.CH.qa.test.SuccessTest -->
