<?xml version="1.0" encoding="UTF-8"?>
<!-- Generated by org.testng.reporters.JUnitReportReporter -->
<testsuite skipped="0" hostname="DESKTOP-ERPFO11" name="com.CH.qa.test.ConfirmTest" tests="3" failures="0" timestamp="10 Apr 2020 02:12:37 GMT" time="10.865" errors="0">
  <testcase name="validatePageTitle" time="0.017" classname="com.CH.qa.test.ConfirmTest"/>
  <testcase name="validateHeaderAndValues" time="10.693" classname="com.CH.qa.test.ConfirmTest"/>
  <testcase name="checkAndClickContinueButton" time="0.155" classname="com.CH.qa.test.ConfirmTest"/>
</testsuite> <!-- com.CH.qa.test.ConfirmTest -->
