<?xml version="1.0" encoding="UTF-8"?>
<!-- Generated by org.testng.reporters.JUnitReportReporter -->
<testsuite skipped="0" hostname="DESKTOP-ERPFO11" name="com.CH.qa.test.TellUsYourSelfTest" tests="7" failures="0" timestamp="10 Apr 2020 02:12:37 GMT" time="15.533" errors="0">
  <testcase name="getTitle" time="0.566" classname="com.CH.qa.test.TellUsYourSelfTest"/>
  <testcase name="companyLogo" time="0.476" classname="com.CH.qa.test.TellUsYourSelfTest"/>
  <testcase name="pageHeader" time="0.537" classname="com.CH.qa.test.TellUsYourSelfTest"/>
  <testcase name="noteText" time="0.496" classname="com.CH.qa.test.TellUsYourSelfTest"/>
  <testcase name="contactHeader" time="0.524" classname="com.CH.qa.test.TellUsYourSelfTest"/>
  <testcase name="dobHeader" time="0.519" classname="com.CH.qa.test.TellUsYourSelfTest"/>
  <testcase name="insertData" time="12.415" classname="com.CH.qa.test.TellUsYourSelfTest"/>
</testsuite> <!-- com.CH.qa.test.TellUsYourSelfTest -->
